<?xml version="1.0" encoding="UTF-8"?>
<!-- Generated by org.testng.reporters.JUnitXMLReporter -->
<testsuite ignored="0" hostname="DESKTOP-VTBT3RG" failures="0" tests="4" name="Test" time="33.247" errors="0" timestamp="2022-06-25T10:16:45 IST">
  <testcase classname="Testcase.FacebookLogin" name="ValidLoginandlogout" time="8.693"/>
  <testcase classname="Testcase.FacebookLogin" name="ValidLoginandlogout" time="7.382"/>
  <testcase classname="Testcase.FacebookLogin" name="ValidLoginandlogout" time="8.083"/>
  <testcase classname="Testcase.FacebookLogin" name="ValidLoginandlogout" time="7.521"/>
</testsuite> <!-- Test -->
