<?xml version="1.0" encoding="UTF-8"?>
<!-- Generated by org.testng.reporters.JUnitXMLReporter -->
<testsuite hostname="DESKTOP-VTBT3RG" ignored="0" name="Test" tests="7" failures="0" timestamp="2023-02-18T12:37:02 IST" time="51.138" errors="0">
  <testcase name="ValidLoginandlogout" time="17.624" classname="Testcase.FacebookLogin"/>
  <testcase name="ValidLoginandlogout" time="17.743" classname="Testcase.FacebookLogin"/>
  <testcase name="ValidLoginandlogout" time="7.793" classname="Testcase.FacebookLogin"/>
  <testcase name="ValidLoginandlogout" time="8.321" classname="Testcase.FacebookLogin"/>
  <testcase name="ValidLoginandlogout" time="8.504" classname="Testcase.FacebookLogin"/>
  <testcase name="ValidLoginandlogout" time="10.028" classname="Testcase.FacebookLogin"/>
  <testcase name="ValidLoginandlogout" time="9.925" classname="Testcase.FacebookLogin"/>
</testsuite> <!-- Test -->
